0 info it worked if it ends with ok
1 verbose cli [ '/usr/bin/node', '/usr/bin/npm', 'install', '-g', 'mustache' ]
2 info using npm@1.4.28
3 info using node@v0.10.33
4 verbose node symlink /usr/bin/node
5 verbose cache add [ 'mustache', null ]
6 verbose cache add name=undefined spec="mustache" args=["mustache",null]
7 verbose parsed url { protocol: null,
7 verbose parsed url   slashes: null,
7 verbose parsed url   auth: null,
7 verbose parsed url   host: null,
7 verbose parsed url   port: null,
7 verbose parsed url   hostname: null,
7 verbose parsed url   hash: null,
7 verbose parsed url   search: null,
7 verbose parsed url   query: null,
7 verbose parsed url   pathname: 'mustache',
7 verbose parsed url   path: 'mustache',
7 verbose parsed url   href: 'mustache' }
8 silly lockFile e372423e-mustache mustache
9 verbose lock mustache /home/mehdi/.npm/e372423e-mustache.lock
10 silly lockFile e372423e-mustache mustache
11 silly lockFile e372423e-mustache mustache
12 verbose addNamed [ 'mustache', '' ]
13 verbose addNamed [ null, '*' ]
14 silly lockFile 58264633-mustache mustache@
15 verbose lock mustache@ /home/mehdi/.npm/58264633-mustache.lock
16 silly addNameRange { name: 'mustache', range: '*', hasData: false }
17 verbose request where is /mustache
18 verbose request registry https://registry.npmjs.org/
19 verbose request id 327a4158d5212d16
20 verbose url raw /mustache
21 verbose url resolving [ 'https://registry.npmjs.org/', './mustache' ]
22 verbose url resolved https://registry.npmjs.org/mustache
23 verbose request where is https://registry.npmjs.org/mustache
24 info trying registry request attempt 1 at 15:13:31
25 http GET https://registry.npmjs.org/mustache
26 http 200 https://registry.npmjs.org/mustache
27 silly registry.get cb [ 200,
27 silly registry.get   { date: 'Wed, 18 Feb 2015 14:13:32 GMT',
27 silly registry.get     server: 'CouchDB/1.5.0 (Erlang OTP/R16B03)',
27 silly registry.get     etag: '"1OTE1JVXPM70AJPG6PRHR7G46"',
27 silly registry.get     'content-type': 'application/json',
27 silly registry.get     'cache-control': 'max-age=60',
27 silly registry.get     'content-length': '31611',
27 silly registry.get     'accept-ranges': 'bytes',
27 silly registry.get     via: '1.1 varnish',
27 silly registry.get     age: '0',
27 silly registry.get     'x-served-by': 'cache-fra1224-FRA',
27 silly registry.get     'x-cache': 'HIT',
27 silly registry.get     'x-cache-hits': '1',
27 silly registry.get     'x-timer': 'S1424268811.970940,VS0,VE176',
27 silly registry.get     vary: 'Accept',
27 silly registry.get     'keep-alive': 'timeout=10, max=50',
27 silly registry.get     connection: 'Keep-Alive' } ]
28 silly addNameRange number 2 { name: 'mustache', range: '*', hasData: true }
29 silly addNameRange versions [ 'mustache',
29 silly addNameRange   [ '0.3.1-dev',
29 silly addNameRange     '0.4.0',
29 silly addNameRange     '0.5.1-dev',
29 silly addNameRange     '0.5.2',
29 silly addNameRange     '0.6.0',
29 silly addNameRange     '0.7.0',
29 silly addNameRange     '0.7.1',
29 silly addNameRange     '0.7.2',
29 silly addNameRange     '0.7.3',
29 silly addNameRange     '0.8.0',
29 silly addNameRange     '0.8.1',
29 silly addNameRange     '0.8.2',
29 silly addNameRange     '1.0.0',
29 silly addNameRange     '1.1.0' ] ]
30 verbose addNamed [ 'mustache', '1.1.0' ]
31 verbose addNamed [ '1.1.0', '1.1.0' ]
32 silly lockFile e7a86b53-mustache-1-1-0 mustache@1.1.0
33 verbose lock mustache@1.1.0 /home/mehdi/.npm/e7a86b53-mustache-1-1-0.lock
34 silly lockFile 52eee44e--org-mustache-mustache-1-1-0-tgz https://registry.npmjs.org/mustache/-/mustache-1.1.0.tgz
35 verbose lock https://registry.npmjs.org/mustache/-/mustache-1.1.0.tgz /home/mehdi/.npm/52eee44e--org-mustache-mustache-1-1-0-tgz.lock
36 verbose addRemoteTarball [ 'https://registry.npmjs.org/mustache/-/mustache-1.1.0.tgz',
36 verbose addRemoteTarball   '0d9a554b4b3f9e248e6c2742c2579d618d2ff00f' ]
37 info retry fetch attempt 1 at 15:13:32
38 verbose fetch to= /tmp/npm-27076-EMcLgBga/registry.npmjs.org/mustache/-/mustache-1.1.0.tgz
39 http GET https://registry.npmjs.org/mustache/-/mustache-1.1.0.tgz
40 http 200 https://registry.npmjs.org/mustache/-/mustache-1.1.0.tgz
41 silly lockFile 52eee44e--org-mustache-mustache-1-1-0-tgz https://registry.npmjs.org/mustache/-/mustache-1.1.0.tgz
42 silly lockFile 52eee44e--org-mustache-mustache-1-1-0-tgz https://registry.npmjs.org/mustache/-/mustache-1.1.0.tgz
43 silly lockFile e7a86b53-mustache-1-1-0 mustache@1.1.0
44 silly lockFile e7a86b53-mustache-1-1-0 mustache@1.1.0
45 silly lockFile 58264633-mustache mustache@
46 silly lockFile 58264633-mustache mustache@
47 silly resolved [ { name: 'mustache',
47 silly resolved     version: '1.1.0',
47 silly resolved     description: 'Logic-less {{mustache}} templates with JavaScript',
47 silly resolved     author:
47 silly resolved      { name: 'mustache.js Authors',
47 silly resolved        email: 'http://github.com/janl/mustache.js' },
47 silly resolved     repository: { type: 'git', url: 'https://github.com/janl/mustache.js.git' },
47 silly resolved     keywords: [ 'mustache', 'template', 'templates', 'ejs' ],
47 silly resolved     main: './mustache.js',
47 silly resolved     bin: { mustache: './bin/mustache' },
47 silly resolved     volo: { url: 'https://raw.github.com/janl/mustache.js/{version}/mustache.js' },
47 silly resolved     engines: { npm: '>=1.4.0' },
47 silly resolved     scripts:
47 silly resolved      { pretest: 'jshint mustache.js',
47 silly resolved        test: 'mocha --reporter spec',
47 silly resolved        'test-render': 'mocha  --reporter spec test/render-test' },
47 silly resolved     devDependencies: { jshint: '~2.4.4', mocha: '~2.1.0' },
47 silly resolved     spm: { main: 'mustache.js', ignore: [Object] },
47 silly resolved     gitHead: 'd4ba5a19d4d04b139bbf7840fe342bb43930aee3',
47 silly resolved     bugs: { url: 'https://github.com/janl/mustache.js/issues' },
47 silly resolved     homepage: 'https://github.com/janl/mustache.js',
47 silly resolved     _id: 'mustache@1.1.0',
47 silly resolved     _shasum: '0d9a554b4b3f9e248e6c2742c2579d618d2ff00f',
47 silly resolved     _from: 'mustache@',
47 silly resolved     _npmVersion: '1.4.28',
47 silly resolved     _npmUser: { name: 'dasilvacontin', email: 'daviddasilvacontin@gmail.com' },
47 silly resolved     maintainers: [ [Object], [Object], [Object], [Object] ],
47 silly resolved     dist:
47 silly resolved      { shasum: '0d9a554b4b3f9e248e6c2742c2579d618d2ff00f',
47 silly resolved        tarball: 'http://registry.npmjs.org/mustache/-/mustache-1.1.0.tgz' },
47 silly resolved     directories: {},
47 silly resolved     _resolved: 'https://registry.npmjs.org/mustache/-/mustache-1.1.0.tgz' } ]
48 info install mustache@1.1.0 into /usr/lib
49 info installOne mustache@1.1.0
50 verbose lib/node_modules/mustache unbuild
51 verbose tar unpack /home/mehdi/.npm/mustache/1.1.0/package.tgz
52 silly lockFile 26a7f8e8-ar-usr-lib-node-modules-mustache tar:///usr/lib/node_modules/mustache
53 verbose lock tar:///usr/lib/node_modules/mustache /home/mehdi/.npm/26a7f8e8-ar-usr-lib-node-modules-mustache.lock
54 silly lockFile 170da233-i-npm-mustache-1-1-0-package-tgz tar:///home/mehdi/.npm/mustache/1.1.0/package.tgz
55 verbose lock tar:///home/mehdi/.npm/mustache/1.1.0/package.tgz /home/mehdi/.npm/170da233-i-npm-mustache-1-1-0-package-tgz.lock
56 silly gunzTarPerm modes [ '775', '664' ]
57 error Error: EACCES, mkdir '/usr/lib/node_modules/mustache'
57 error  { [Error: EACCES, mkdir '/usr/lib/node_modules/mustache']
57 error   errno: 3,
57 error   code: 'EACCES',
57 error   path: '/usr/lib/node_modules/mustache',
57 error   fstream_type: 'Directory',
57 error   fstream_path: '/usr/lib/node_modules/mustache',
57 error   fstream_class: 'DirWriter',
57 error   fstream_stack:
57 error    [ '/usr/lib/node_modules/npm/node_modules/fstream/lib/dir-writer.js:36:23',
57 error      '/usr/lib/node_modules/npm/node_modules/mkdirp/index.js:46:53',
57 error      'Object.oncomplete (fs.js:107:15)' ] }
58 error Please try running this command again as root/Administrator.
59 error System Linux 3.13.0-45-generic
60 error command "/usr/bin/node" "/usr/bin/npm" "install" "-g" "mustache"
61 error cwd /home/mehdi/Documents/tutoriel/node/Tchat_g
62 error node -v v0.10.33
63 error npm -v 1.4.28
64 error path /usr/lib/node_modules/mustache
65 error fstream_path /usr/lib/node_modules/mustache
66 error fstream_type Directory
67 error fstream_class DirWriter
68 error code EACCES
69 error errno 3
70 error stack Error: EACCES, mkdir '/usr/lib/node_modules/mustache'
71 error fstream_stack /usr/lib/node_modules/npm/node_modules/fstream/lib/dir-writer.js:36:23
71 error fstream_stack /usr/lib/node_modules/npm/node_modules/mkdirp/index.js:46:53
71 error fstream_stack Object.oncomplete (fs.js:107:15)
72 verbose exit [ 3, true ]
